2018/07/23 10:44:26.775 [I] [asm_amd64.s:2361] http server Running on http://:8098
2018/07/23 10:44:26.775 [I] [asm_amd64.s:2361] Admin server Running on localhost:9088
2018/07/23 10:45:36.328 [I] [asm_amd64.s:2361] http server Running on http://:8098
2018/07/23 10:45:36.328 [I] [asm_amd64.s:2361] Admin server Running on localhost:9088
2018/07/23 10:46:19.909 [I] [asm_amd64.s:2361] http server Running on http://:8098
2018/07/23 10:46:19.909 [I] [asm_amd64.s:2361] Admin server Running on localhost:9088
2018/07/23 10:47:00.901 [I] [asm_amd64.s:2361] http server Running on http://:8098
2018/07/23 10:47:00.901 [I] [asm_amd64.s:2361] Admin server Running on localhost:9088
2018/07/23 10:47:17.946 [D] [server.go:2694] 127.0.0.1 - - [23/Jul/2018 10:47:17] "GET /account/loginTpl HTTP/1.0 200 0" 0.003163 http://www.mymallweb.com/ Mozilla/5.0 (Macintosh; Intel Mac OS X 10_13_5) AppleWebKit/537.36 (KHTML, like Gecko) Chrome/67.0.3396.99 Safari/537.36

2018/07/23 10:47:23.820 [I] [account.go:44] {"username":"123","password":"123","_xsrf":"l50yOMLxgzHcx11uYrCH6FqtCkfqcwmU"} 
2018/07/23 10:47:23.837 [I] [account.go:61] Error 1146: Table 'mymall.act_user' doesn't exist 
2018/07/23 10:47:23.837 [I] [account.go:62] {0 0 0 0 0   0                 0 0 0 0 0 0 0 0 0 0 0 0 0 0 0 0 0 0 0 0 0 0 0 } 
2018/07/23 10:47:23.838 [I] [account.go:66] map[] 
2018/07/23 10:47:23.838 [D] [server.go:2694] 127.0.0.1 - - [23/Jul/2018 10:47:23] "POST /account/doLogin HTTP/1.0 200 0" 0.018001 http://www.mymallweb.com/account/loginTpl Mozilla/5.0 (Macintosh; Intel Mac OS X 10_13_5) AppleWebKit/537.36 (KHTML, like Gecko) Chrome/67.0.3396.99 Safari/537.36

2018/07/23 10:47:55.958 [I] [asm_amd64.s:2361] Admin server Running on localhost:9088
2018/07/23 10:47:55.958 [I] [asm_amd64.s:2361] http server Running on http://:8098
2018/07/23 10:47:58.301 [I] [account.go:44] {"username":"123","password":"123","_xsrf":"l50yOMLxgzHcx11uYrCH6FqtCkfqcwmU"} 
2018/07/23 10:47:58.325 [I] [account.go:61] sql: expected 3 arguments, got 1 
2018/07/23 10:47:58.325 [I] [account.go:62] {0 0 0 0 0   0                 0 0 0 0 0 0 0 0 0 0 0 0 0 0 0 0 0 0 0 0 0 0 0 } 
2018/07/23 10:47:58.326 [I] [account.go:66] map[] 
2018/07/23 10:47:58.326 [D] [server.go:2694] 127.0.0.1 - - [23/Jul/2018 10:47:58] "POST /account/doLogin HTTP/1.0 200 0" 0.025663 http://www.mymallweb.com/account/loginTpl Mozilla/5.0 (Macintosh; Intel Mac OS X 10_13_5) AppleWebKit/537.36 (KHTML, like Gecko) Chrome/67.0.3396.99 Safari/537.36

2018/07/23 10:49:01.629 [I] [asm_amd64.s:2361] http server Running on http://:8098
2018/07/23 10:49:01.629 [I] [asm_amd64.s:2361] Admin server Running on localhost:9088
2018/07/23 10:49:27.368 [I] [asm_amd64.s:2361] http server Running on http://:8098
2018/07/23 10:49:27.368 [I] [asm_amd64.s:2361] Admin server Running on localhost:9088
2018/07/23 10:50:03.104 [I] [asm_amd64.s:2361] http server Running on http://:8098
2018/07/23 10:50:03.104 [I] [asm_amd64.s:2361] Admin server Running on localhost:9088
2018/07/23 10:51:24.962 [I] [asm_amd64.s:2361] http server Running on http://:8098
2018/07/23 10:51:24.962 [I] [asm_amd64.s:2361] Admin server Running on localhost:9088
2018/07/23 10:51:27.749 [I] [asm_amd64.s:2361] http server Running on http://:8098
2018/07/23 10:51:27.749 [I] [asm_amd64.s:2361] Admin server Running on localhost:9088
2018/07/23 11:10:23.880 [I] [asm_amd64.s:2361] http server Running on http://:8098
2018/07/23 11:10:23.880 [I] [asm_amd64.s:2361] Admin server Running on localhost:9088
2018/07/23 11:10:35.584 [I] [asm_amd64.s:2361] http server Running on http://:8098
2018/07/23 11:10:35.584 [I] [asm_amd64.s:2361] Admin server Running on localhost:9088
2018/07/23 11:10:44.715 [D] [server.go:2694] 127.0.0.1 - - [23/Jul/2018 11:10:44] "GET /account/loginTpl HTTP/1.0 200 0" 0.001794 http://www.mymallweb.com/ Mozilla/5.0 (Macintosh; Intel Mac OS X 10_13_5) AppleWebKit/537.36 (KHTML, like Gecko) Chrome/67.0.3396.99 Safari/537.36

2018/07/23 11:10:48.091 [I] [account.go:48] {"username":"123","password":"123","_xsrf":"l50yOMLxgzHcx11uYrCH6FqtCkfqcwmU"} 
2018/07/23 11:10:48.093 [C] [asm_amd64.s:573] the request url is  /account/doLogin
2018/07/23 11:10:48.093 [C] [asm_amd64.s:573] Handler crashed with error need a valid args value, unknown table or value `mymallweb/controllers.accountName`
2018/07/23 11:10:48.093 [C] [asm_amd64.s:573] /usr/local/Cellar/go/1.10.3/libexec/src/runtime/asm_amd64.s:573
2018/07/23 11:10:48.093 [C] [asm_amd64.s:573] /usr/local/Cellar/go/1.10.3/libexec/src/runtime/panic.go:502
2018/07/23 11:10:48.093 [C] [asm_amd64.s:573] /Users/zhiweizhang/webserver/golange/src/github.com/astaxie/beego/orm/db_utils.go:169
2018/07/23 11:10:48.093 [C] [asm_amd64.s:573] /Users/zhiweizhang/webserver/golange/src/github.com/astaxie/beego/orm/orm_raw.go:301
2018/07/23 11:10:48.093 [C] [asm_amd64.s:573] /Users/zhiweizhang/webserver/golange/src/mymallweb/controllers/account.go:68
2018/07/23 11:10:48.093 [C] [asm_amd64.s:573] /usr/local/Cellar/go/1.10.3/libexec/src/runtime/asm_amd64.s:573
2018/07/23 11:10:48.093 [C] [asm_amd64.s:573] /usr/local/Cellar/go/1.10.3/libexec/src/reflect/value.go:447
2018/07/23 11:10:48.093 [C] [asm_amd64.s:573] /usr/local/Cellar/go/1.10.3/libexec/src/reflect/value.go:308
2018/07/23 11:10:48.093 [C] [asm_amd64.s:573] /Users/zhiweizhang/webserver/golange/src/github.com/astaxie/beego/router.go:847
2018/07/23 11:10:48.093 [C] [asm_amd64.s:573] /usr/local/Cellar/go/1.10.3/libexec/src/net/http/server.go:2694
2018/07/23 11:10:48.093 [C] [asm_amd64.s:573] /usr/local/Cellar/go/1.10.3/libexec/src/net/http/server.go:1830
2018/07/23 11:10:48.093 [C] [asm_amd64.s:573] /usr/local/Cellar/go/1.10.3/libexec/src/runtime/asm_amd64.s:2361
2018/07/23 11:11:53.045 [I] [asm_amd64.s:2361] http server Running on http://:8098
2018/07/23 11:11:53.045 [I] [asm_amd64.s:2361] Admin server Running on localhost:9088
2018/07/23 11:11:57.314 [I] [account.go:48] {"username":"123","password":"123","_xsrf":"l50yOMLxgzHcx11uYrCH6FqtCkfqcwmU"} 
2018/07/23 11:11:57.314 [I] [account.go:65] {123 123 123} 
2018/07/23 11:11:57.315 [C] [asm_amd64.s:573] the request url is  /account/doLogin
2018/07/23 11:11:57.315 [C] [asm_amd64.s:573] Handler crashed with error need a valid args value, unknown table or value `mymallweb/controllers.accountName`
2018/07/23 11:11:57.315 [C] [asm_amd64.s:573] /usr/local/Cellar/go/1.10.3/libexec/src/runtime/asm_amd64.s:573
2018/07/23 11:11:57.315 [C] [asm_amd64.s:573] /usr/local/Cellar/go/1.10.3/libexec/src/runtime/panic.go:502
2018/07/23 11:11:57.315 [C] [asm_amd64.s:573] /Users/zhiweizhang/webserver/golange/src/github.com/astaxie/beego/orm/db_utils.go:169
2018/07/23 11:11:57.315 [C] [asm_amd64.s:573] /Users/zhiweizhang/webserver/golange/src/github.com/astaxie/beego/orm/orm_raw.go:301
2018/07/23 11:11:57.315 [C] [asm_amd64.s:573] /Users/zhiweizhang/webserver/golange/src/mymallweb/controllers/account.go:69
2018/07/23 11:11:57.315 [C] [asm_amd64.s:573] /usr/local/Cellar/go/1.10.3/libexec/src/runtime/asm_amd64.s:573
2018/07/23 11:11:57.315 [C] [asm_amd64.s:573] /usr/local/Cellar/go/1.10.3/libexec/src/reflect/value.go:447
2018/07/23 11:11:57.315 [C] [asm_amd64.s:573] /usr/local/Cellar/go/1.10.3/libexec/src/reflect/value.go:308
2018/07/23 11:11:57.315 [C] [asm_amd64.s:573] /Users/zhiweizhang/webserver/golange/src/github.com/astaxie/beego/router.go:847
2018/07/23 11:11:57.316 [C] [asm_amd64.s:573] /usr/local/Cellar/go/1.10.3/libexec/src/net/http/server.go:2694
2018/07/23 11:11:57.316 [C] [asm_amd64.s:573] /usr/local/Cellar/go/1.10.3/libexec/src/net/http/server.go:1830
2018/07/23 11:11:57.316 [C] [asm_amd64.s:573] /usr/local/Cellar/go/1.10.3/libexec/src/runtime/asm_amd64.s:2361
2018/07/23 11:12:42.206 [I] [asm_amd64.s:2361] http server Running on http://:8098
2018/07/23 11:12:42.206 [I] [asm_amd64.s:2361] Admin server Running on localhost:9088
2018/07/23 11:12:47.776 [I] [account.go:48] {"username":"123","password":"123","_xsrf":"l50yOMLxgzHcx11uYrCH6FqtCkfqcwmU"} 
2018/07/23 11:12:47.792 [I] [account.go:66] <QuerySeter> no row found 
2018/07/23 11:12:47.792 [I] [account.go:67] {0 0 0 0 0   0                 0 0 0 0 0 0 0 0 0 0 0 0 0 0 0 0 0 0 0 0 0 0 0 } 
2018/07/23 11:12:47.792 [I] [account.go:71] map[] 
2018/07/23 11:12:47.792 [D] [server.go:2694] 127.0.0.1 - - [23/Jul/2018 11:12:47] "POST /account/doLogin HTTP/1.0 200 0" 0.018808 http://www.mymallweb.com/account/loginTpl Mozilla/5.0 (Macintosh; Intel Mac OS X 10_13_5) AppleWebKit/537.36 (KHTML, like Gecko) Chrome/67.0.3396.99 Safari/537.36

2018/07/23 11:14:29.057 [I] [account.go:48] {"username":"123","password":"123","_xsrf":"l50yOMLxgzHcx11uYrCH6FqtCkfqcwmU"} 
2018/07/23 11:14:29.063 [I] [account.go:66] <QuerySeter> no row found 
2018/07/23 11:14:29.063 [I] [account.go:67] {0 0 0 0 0   0                 0 0 0 0 0 0 0 0 0 0 0 0 0 0 0 0 0 0 0 0 0 0 0 } 
2018/07/23 11:14:29.063 [I] [account.go:71] map[] 
2018/07/23 11:14:29.063 [D] [server.go:2694] 127.0.0.1 - - [23/Jul/2018 11:14:29] "POST /account/doLogin HTTP/1.0 200 0" 0.006914 http://www.mymallweb.com/account/loginTpl Mozilla/5.0 (Macintosh; Intel Mac OS X 10_13_5) AppleWebKit/537.36 (KHTML, like Gecko) Chrome/67.0.3396.99 Safari/537.36

2018/07/23 11:19:28.466 [D] [server.go:2694] 127.0.0.1 - - [23/Jul/2018 11:19:28] "GET /account/loginTpl HTTP/1.0 200 0" 0.007140 http://www.mymallweb.com/ Mozilla/5.0 (Macintosh; Intel Mac OS X 10_13_5) AppleWebKit/537.36 (KHTML, like Gecko) Chrome/67.0.3396.99 Safari/537.36

2018/07/23 11:19:31.184 [I] [account.go:48] {"username":"123","password":"123","_xsrf":"bJwxMMVK1SYQOuY4uKQY79qNMdS3VvDE"} 
2018/07/23 11:19:31.189 [I] [account.go:66] <QuerySeter> no row found 
2018/07/23 11:19:31.189 [I] [account.go:67] {0 0 0 0 0   0                 0 0 0 0 0 0 0 0 0 0 0 0 0 0 0 0 0 0 0 0 0 0 0 } 
2018/07/23 11:19:31.189 [I] [account.go:71] map[] 
2018/07/23 11:19:31.189 [D] [server.go:2694] 127.0.0.1 - - [23/Jul/2018 11:19:31] "POST /account/doLogin HTTP/1.0 200 0" 0.007167 http://www.mymallweb.com/account/loginTpl Mozilla/5.0 (Macintosh; Intel Mac OS X 10_13_5) AppleWebKit/537.36 (KHTML, like Gecko) Chrome/67.0.3396.99 Safari/537.36

2018/07/23 11:19:52.149 [I] [account.go:48] {"username":"123","password":"123","_xsrf":"bJwxMMVK1SYQOuY4uKQY79qNMdS3VvDE"} 
2018/07/23 11:19:52.153 [I] [account.go:66] <QuerySeter> no row found 
2018/07/23 11:19:52.153 [I] [account.go:67] {0 0 0 0 0   0                 0 0 0 0 0 0 0 0 0 0 0 0 0 0 0 0 0 0 0 0 0 0 0 } 
2018/07/23 11:19:52.153 [I] [account.go:71] map[] 
2018/07/23 11:19:52.153 [D] [server.go:2694] 127.0.0.1 - - [23/Jul/2018 11:19:52] "POST /account/doLogin HTTP/1.0 200 0" 0.005088 http://www.mymallweb.com/account/loginTpl Mozilla/5.0 (Macintosh; Intel Mac OS X 10_13_5) AppleWebKit/537.36 (KHTML, like Gecko) Chrome/67.0.3396.99 Safari/537.36

2018/07/23 11:20:06.152 [I] [asm_amd64.s:2361] http server Running on http://:8098
2018/07/23 11:20:06.152 [I] [asm_amd64.s:2361] Admin server Running on localhost:9088
2018/07/23 11:20:11.987 [I] [account.go:49] {"username":"123","password":"123","_xsrf":"bJwxMMVK1SYQOuY4uKQY79qNMdS3VvDE"} 
2018/07/23 11:20:11.990 [I] [account.go:72] <QuerySeter> no row found 
2018/07/23 11:20:11.990 [I] [account.go:73] {0 0 0 0 0   0                 0 0 0 0 0 0 0 0 0 0 0 0 0 0 0 0 0 0 0 0 0 0 0 } 
2018/07/23 11:20:11.991 [I] [account.go:77] map[] 
2018/07/23 11:20:11.991 [D] [server.go:2694] 127.0.0.1 - - [23/Jul/2018 11:20:11] "POST /account/doLogin HTTP/1.0 200 0" 0.004568 http://www.mymallweb.com/account/loginTpl Mozilla/5.0 (Macintosh; Intel Mac OS X 10_13_5) AppleWebKit/537.36 (KHTML, like Gecko) Chrome/67.0.3396.99 Safari/537.36

2018/07/23 11:20:28.941 [I] [asm_amd64.s:2361] http server Running on http://:8098
2018/07/23 11:20:28.941 [I] [asm_amd64.s:2361] Admin server Running on localhost:9088
2018/07/23 11:20:30.601 [I] [account.go:49] {"username":"123","password":"123","_xsrf":"bJwxMMVK1SYQOuY4uKQY79qNMdS3VvDE"} 
2018/07/23 11:20:30.604 [I] [account.go:67] <QuerySeter> no row found 
2018/07/23 11:20:30.604 [I] [account.go:73] <QuerySeter> no row found 
2018/07/23 11:20:30.605 [I] [account.go:74] {0 0 0 0 0   0                 0 0 0 0 0 0 0 0 0 0 0 0 0 0 0 0 0 0 0 0 0 0 0 } 
2018/07/23 11:20:30.605 [I] [account.go:78] map[] 
2018/07/23 11:20:30.605 [D] [server.go:2694] 127.0.0.1 - - [23/Jul/2018 11:20:30] "POST /account/doLogin HTTP/1.0 200 0" 0.005073 http://www.mymallweb.com/account/loginTpl Mozilla/5.0 (Macintosh; Intel Mac OS X 10_13_5) AppleWebKit/537.36 (KHTML, like Gecko) Chrome/67.0.3396.99 Safari/537.36

2018/07/23 11:26:35.307 [I] [asm_amd64.s:2361] http server Running on http://:8098
2018/07/23 11:26:35.307 [I] [asm_amd64.s:2361] Admin server Running on localhost:9088
2018/07/23 11:33:27.988 [I] [asm_amd64.s:2361] http server Running on http://:8098
2018/07/23 11:33:27.988 [I] [asm_amd64.s:2361] Admin server Running on localhost:9088
2018/07/23 15:10:20.563 [D] [server.go:2694] 127.0.0.1 - - [23/Jul/2018 03:10:20] "GET /account/loginTpl HTTP/1.0 200 0" 0.010224 http://www.mymallweb.com/ Mozilla/5.0 (Macintosh; Intel Mac OS X 10_13_5) AppleWebKit/537.36 (KHTML, like Gecko) Chrome/67.0.3396.99 Safari/537.36

2018/07/23 15:10:24.298 [I] [account.go:49] {"username":"123","password":"123","_xsrf":"ESEt4KslS5zLh09HzluyuftgS6Vz6Rtu"} 
2018/07/23 15:10:24.311 [I] [account.go:67] <QuerySeter> no row found 
2018/07/23 15:10:24.311 [I] [account.go:73] <QuerySeter> no row found 
2018/07/23 15:10:24.311 [I] [account.go:74] {0 0 0 0 0   0                 0 0 0 0 0 0 0 0 0 0 0 0 0 0 0 0 0 0 0 0 0 0 0 } 
2018/07/23 15:10:24.311 [I] [account.go:78] map[] 
2018/07/23 15:10:24.312 [D] [server.go:2694] 127.0.0.1 - - [23/Jul/2018 03:10:24] "POST /account/doLogin HTTP/1.0 200 0" 0.013761 http://www.mymallweb.com/account/loginTpl Mozilla/5.0 (Macintosh; Intel Mac OS X 10_13_5) AppleWebKit/537.36 (KHTML, like Gecko) Chrome/67.0.3396.99 Safari/537.36

2018/07/23 15:10:52.701 [I] [account.go:49] {"username":"123","password":"123","_xsrf":"ESEt4KslS5zLh09HzluyuftgS6Vz6Rtu"} 
2018/07/23 15:10:52.747 [I] [account.go:67] <QuerySeter> no row found 
2018/07/23 15:10:52.747 [I] [account.go:73] <QuerySeter> no row found 
2018/07/23 15:10:52.747 [I] [account.go:74] {0 0 0 0 0   0                 0 0 0 0 0 0 0 0 0 0 0 0 0 0 0 0 0 0 0 0 0 0 0 } 
2018/07/23 15:10:52.747 [I] [account.go:78] map[] 
2018/07/23 15:10:52.747 [D] [server.go:2694] 127.0.0.1 - - [23/Jul/2018 03:10:52] "POST /account/doLogin HTTP/1.0 200 0" 0.048944 http://www.mymallweb.com/account/loginTpl Mozilla/5.0 (Macintosh; Intel Mac OS X 10_13_5) AppleWebKit/537.36 (KHTML, like Gecko) Chrome/67.0.3396.99 Safari/537.36

2018/07/23 15:10:55.388 [I] [asm_amd64.s:2361] http server Running on http://:8098
2018/07/23 15:10:55.388 [I] [asm_amd64.s:2361] Admin server Running on localhost:9088
2018/07/23 15:11:00.102 [I] [account.go:49] {"username":"123","password":"123","_xsrf":"ESEt4KslS5zLh09HzluyuftgS6Vz6Rtu"} 
2018/07/23 15:11:00.106 [I] [account.go:67] <QuerySeter> no row found 
2018/07/23 15:11:00.106 [I] [account.go:73] <QuerySeter> no row found 
2018/07/23 15:11:00.106 [I] [account.go:74] {0 0 0 0 0   0                 0 0 0 0 0 0 0 0 0 0 0 0 0 0 0 0 0 0 0 0 0 0 0 } 
2018/07/23 15:11:00.106 [I] [account.go:78] map[] 
2018/07/23 15:11:00.107 [D] [server.go:2694] 127.0.0.1 - - [23/Jul/2018 03:11:00] "POST /account/doLogin HTTP/1.0 200 0" 0.006025 http://www.mymallweb.com/account/loginTpl Mozilla/5.0 (Macintosh; Intel Mac OS X 10_13_5) AppleWebKit/537.36 (KHTML, like Gecko) Chrome/67.0.3396.99 Safari/537.36

2018/07/23 15:11:23.978 [I] [account.go:49] {"username":"15372090344","password":"123","_xsrf":"ESEt4KslS5zLh09HzluyuftgS6Vz6Rtu"} 
2018/07/23 15:11:23.985 [I] [account.go:67] <nil> 
2018/07/23 15:11:23.985 [I] [account.go:73] <nil> 
2018/07/23 15:11:23.985 [I] [account.go:74] {586 1 0 303 0 member  0   15372090344 $.1f9f7bcc3141a4ddb8c0ea11e10ac846 5a427c $.4606e8f22945870f5d76705335da265b 5a421f 15372090344  15372090344       31 0 1 1 0 160 0 360 0 9 0 180 0.01 0 1.03 1.02 0 1526260746 1526260745 2130706433 1473469778 1473469778 0 } 
2018/07/23 15:11:23.985 [I] [account.go:78] map[] 
2018/07/23 15:11:23.985 [D] [server.go:2694] 127.0.0.1 - - [23/Jul/2018 03:11:23] "POST /account/doLogin HTTP/1.0 200 0" 0.008328 http://www.mymallweb.com/account/loginTpl Mozilla/5.0 (Macintosh; Intel Mac OS X 10_13_5) AppleWebKit/537.36 (KHTML, like Gecko) Chrome/67.0.3396.99 Safari/537.36

2018/07/23 15:11:54.970 [I] [account.go:49] {"username":"123","password":"123","_xsrf":"ESEt4KslS5zLh09HzluyuftgS6Vz6Rtu"} 
2018/07/23 15:11:54.975 [I] [account.go:67] <QuerySeter> no row found 
2018/07/23 15:11:54.975 [I] [account.go:73] <QuerySeter> no row found 
2018/07/23 15:11:54.975 [I] [account.go:74] {0 0 0 0 0   0                 0 0 0 0 0 0 0 0 0 0 0 0 0 0 0 0 0 0 0 0 0 0 0 } 
2018/07/23 15:11:54.975 [I] [account.go:78] map[] 
2018/07/23 15:11:54.975 [D] [server.go:2694] 127.0.0.1 - - [23/Jul/2018 03:11:54] "POST /account/doLogin HTTP/1.0 200 0" 0.005136 http://www.mymallweb.com/account/loginTpl Mozilla/5.0 (Macintosh; Intel Mac OS X 10_13_5) AppleWebKit/537.36 (KHTML, like Gecko) Chrome/67.0.3396.99 Safari/537.36

2018/07/23 15:13:51.715 [I] [asm_amd64.s:2361] http server Running on http://:8098
2018/07/23 15:13:51.715 [I] [asm_amd64.s:2361] Admin server Running on localhost:9088
2018/07/23 15:14:00.808 [I] [asm_amd64.s:2361] http server Running on http://:8098
2018/07/23 15:14:00.808 [I] [asm_amd64.s:2361] Admin server Running on localhost:9088
2018/07/23 15:14:07.371 [I] [account.go:43] {"username":"123","password":"123","_xsrf":"ESEt4KslS5zLh09HzluyuftgS6Vz6Rtu"} 
2018/07/23 15:14:07.371 [I] [account.go:60] 开始查询 
2018/07/23 15:14:07.374 [I] [account.go:62] <QuerySeter> no row found 
2018/07/23 15:14:07.374 [I] [account.go:64] 此用户不存在，请确认后重试 
2018/07/23 15:14:07.374 [D] [server.go:2694] 127.0.0.1 - - [23/Jul/2018 03:14:07] "POST /account/doLogin HTTP/1.0 200 0" 0.004260 http://www.mymallweb.com/account/loginTpl Mozilla/5.0 (Macintosh; Intel Mac OS X 10_13_5) AppleWebKit/537.36 (KHTML, like Gecko) Chrome/67.0.3396.99 Safari/537.36

2018/07/23 15:14:21.318 [I] [account.go:43] {"username":"15372090344","password":"123","_xsrf":"ESEt4KslS5zLh09HzluyuftgS6Vz6Rtu"} 
2018/07/23 15:14:21.318 [I] [account.go:60] 开始查询 
2018/07/23 15:14:21.321 [I] [account.go:62] <nil> 
2018/07/23 15:14:21.321 [I] [account.go:68] <nil> 
2018/07/23 15:14:21.321 [I] [account.go:69] {586 1 0 303 0 member  0   15372090344 $.1f9f7bcc3141a4ddb8c0ea11e10ac846 5a427c $.4606e8f22945870f5d76705335da265b 5a421f 15372090344  15372090344       31 0 1 1 0 160 0 360 0 9 0 180 0.01 0 1.03 1.02 0 1526260746 1526260745 2130706433 1473469778 1473469778 0 } 
2018/07/23 15:14:21.321 [I] [account.go:73] map[] 
2018/07/23 15:14:21.322 [D] [server.go:2694] 127.0.0.1 - - [23/Jul/2018 03:14:21] "POST /account/doLogin HTTP/1.0 200 0" 0.003794 http://www.mymallweb.com/account/loginTpl Mozilla/5.0 (Macintosh; Intel Mac OS X 10_13_5) AppleWebKit/537.36 (KHTML, like Gecko) Chrome/67.0.3396.99 Safari/537.36

2018/07/23 15:14:49.888 [I] [asm_amd64.s:2361] http server Running on http://:8098
2018/07/23 15:14:49.888 [I] [asm_amd64.s:2361] Admin server Running on localhost:9088
2018/07/23 15:16:56.778 [I] [asm_amd64.s:2361] http server Running on http://:8098
2018/07/23 15:16:56.778 [I] [asm_amd64.s:2361] Admin server Running on localhost:9088
2018/07/23 15:17:02.705 [I] [asm_amd64.s:2361] Admin server Running on localhost:9088
2018/07/23 15:17:02.705 [I] [asm_amd64.s:2361] http server Running on http://:8098
2018/07/23 15:17:15.181 [I] [account.go:43] {"username":"15372090344","password":"123","_xsrf":"ESEt4KslS5zLh09HzluyuftgS6Vz6Rtu"} 
2018/07/23 15:17:15.181 [I] [account.go:60] 开始查询 
2018/07/23 15:17:15.183 [I] [account.go:67] <nil> 
2018/07/23 15:17:15.183 [I] [account.go:68] {586 1 0 303 0 member  0   15372090344 $.1f9f7bcc3141a4ddb8c0ea11e10ac846 5a427c $.4606e8f22945870f5d76705335da265b 5a421f 15372090344  15372090344       31 0 1 1 0 160 0 360 0 9 0 180 0.01 0 1.03 1.02 0 1526260746 1526260745 2130706433 1473469778 1473469778 0 } 
2018/07/23 15:17:15.183 [I] [account.go:71] map[] 
2018/07/23 15:17:15.184 [C] [asm_amd64.s:573] the request url is  /account/doLogin
2018/07/23 15:17:15.184 [C] [asm_amd64.s:573] Handler crashed with error can't find templatefile in the path:views/accountcontroller/dologin.tpl
2018/07/23 15:17:15.184 [C] [asm_amd64.s:573] /usr/local/Cellar/go/1.10.3/libexec/src/runtime/asm_amd64.s:573
2018/07/23 15:17:15.184 [C] [asm_amd64.s:573] /usr/local/Cellar/go/1.10.3/libexec/src/runtime/panic.go:502
2018/07/23 15:17:15.184 [C] [asm_amd64.s:573] /Users/zhiweizhang/webserver/golange/src/github.com/astaxie/beego/template.go:73
2018/07/23 15:17:15.184 [C] [asm_amd64.s:573] /Users/zhiweizhang/webserver/golange/src/github.com/astaxie/beego/controller.go:263
2018/07/23 15:17:15.184 [C] [asm_amd64.s:573] /Users/zhiweizhang/webserver/golange/src/github.com/astaxie/beego/controller.go:214
2018/07/23 15:17:15.184 [C] [asm_amd64.s:573] /Users/zhiweizhang/webserver/golange/src/github.com/astaxie/beego/controller.go:194
2018/07/23 15:17:15.184 [C] [asm_amd64.s:573] /Users/zhiweizhang/webserver/golange/src/github.com/astaxie/beego/router.go:859
2018/07/23 15:17:15.184 [C] [asm_amd64.s:573] /usr/local/Cellar/go/1.10.3/libexec/src/net/http/server.go:2694
2018/07/23 15:17:15.184 [C] [asm_amd64.s:573] /usr/local/Cellar/go/1.10.3/libexec/src/net/http/server.go:1830
2018/07/23 15:17:15.184 [C] [asm_amd64.s:573] /usr/local/Cellar/go/1.10.3/libexec/src/runtime/asm_amd64.s:2361
2018/07/23 15:17:32.045 [I] [asm_amd64.s:2361] http server Running on http://:8098
2018/07/23 15:17:32.045 [I] [asm_amd64.s:2361] Admin server Running on localhost:9088
2018/07/23 15:17:48.482 [I] [asm_amd64.s:2361] Admin server Running on localhost:9088
2018/07/23 15:17:48.482 [I] [asm_amd64.s:2361] http server Running on http://:8098
2018/07/23 15:17:52.980 [I] [asm_amd64.s:2361] http server Running on http://:8098
2018/07/23 15:17:52.980 [I] [asm_amd64.s:2361] Admin server Running on localhost:9088
2018/07/23 15:18:03.321 [I] [account.go:43] {"username":"15372090344","password":"123","_xsrf":"ESEt4KslS5zLh09HzluyuftgS6Vz6Rtu"} 
2018/07/23 15:18:03.321 [I] [account.go:60] 开始查询 
2018/07/23 15:18:03.323 [I] [account.go:67] <nil> 
2018/07/23 15:18:03.324 [I] [account.go:68] {586 1 0 303 0 member  0   15372090344 $.1f9f7bcc3141a4ddb8c0ea11e10ac846 5a427c $.4606e8f22945870f5d76705335da265b 5a421f 15372090344  15372090344       31 0 1 1 0 160 0 360 0 9 0 180 0.01 0 1.03 1.02 0 1526260746 1526260745 2130706433 1473469778 1473469778 0 } 
2018/07/23 15:18:03.324 [I] [account.go:71] map[] 
2018/07/23 15:18:03.324 [D] [server.go:2694] 127.0.0.1 - - [23/Jul/2018 03:18:03] "POST /account/doLogin HTTP/1.0 200 0" 0.004186 http://www.mymallweb.com/account/loginTpl Mozilla/5.0 (Macintosh; Intel Mac OS X 10_13_5) AppleWebKit/537.36 (KHTML, like Gecko) Chrome/67.0.3396.99 Safari/537.36

2018/07/23 15:25:26.717 [I] [asm_amd64.s:2361] Admin server Running on localhost:9088
2018/07/23 15:25:26.717 [I] [asm_amd64.s:2361] http server Running on http://:8098
2018/07/23 15:25:31.207 [I] [account.go:43] {"username":"15372090344","password":"123","_xsrf":"ESEt4KslS5zLh09HzluyuftgS6Vz6Rtu"} 
2018/07/23 15:25:31.207 [I] [account.go:60] 开始查询 
2018/07/23 15:25:31.209 [I] [account.go:67] <nil> 
2018/07/23 15:25:31.209 [I] [account.go:68] 15372090344 
2018/07/23 15:25:31.209 [I] [account.go:71] map[] 
2018/07/23 15:25:31.210 [D] [server.go:2694] 127.0.0.1 - - [23/Jul/2018 03:25:31] "POST /account/doLogin HTTP/1.0 200 0" 0.005761 http://www.mymallweb.com/account/loginTpl Mozilla/5.0 (Macintosh; Intel Mac OS X 10_13_5) AppleWebKit/537.36 (KHTML, like Gecko) Chrome/67.0.3396.99 Safari/537.36

2018/07/23 15:25:33.970 [D] [server.go:2694] 127.0.0.1 - - [23/Jul/2018 03:25:33] "GET /account/loginTpl HTTP/1.0 200 0" 0.001957 http://www.mymallweb.com/ Mozilla/5.0 (Macintosh; Intel Mac OS X 10_13_5) AppleWebKit/537.36 (KHTML, like Gecko) Chrome/67.0.3396.99 Safari/537.36

2018/07/23 15:25:41.559 [I] [account.go:43] {"username":"15372090344","password":"123","_xsrf":"ESEt4KslS5zLh09HzluyuftgS6Vz6Rtu"} 
2018/07/23 15:25:41.561 [I] [account.go:60] 开始查询 
2018/07/23 15:25:41.569 [I] [account.go:67] <nil> 
2018/07/23 15:25:41.569 [I] [account.go:68] 15372090344 
2018/07/23 15:25:41.569 [I] [account.go:71] map[] 
2018/07/23 15:25:41.569 [D] [server.go:2694] 127.0.0.1 - - [23/Jul/2018 03:25:41] "POST /account/doLogin HTTP/1.0 200 0" 0.010331 http://www.mymallweb.com/account/loginTpl Mozilla/5.0 (Macintosh; Intel Mac OS X 10_13_5) AppleWebKit/537.36 (KHTML, like Gecko) Chrome/67.0.3396.99 Safari/537.36

2018/07/23 15:25:58.242 [I] [asm_amd64.s:2361] http server Running on http://:8098
2018/07/23 15:25:58.242 [I] [asm_amd64.s:2361] Admin server Running on localhost:9088
2018/07/23 15:27:00.511 [I] [asm_amd64.s:2361] Admin server Running on localhost:9088
2018/07/23 15:27:00.511 [I] [asm_amd64.s:2361] http server Running on http://:8098
2018/07/23 15:27:12.125 [I] [asm_amd64.s:2361] http server Running on http://:8098
2018/07/23 15:27:12.125 [I] [asm_amd64.s:2361] Admin server Running on localhost:9088
2018/07/23 15:27:18.074 [I] [account.go:43] {"username":"15372090344","password":"123","_xsrf":"ESEt4KslS5zLh09HzluyuftgS6Vz6Rtu"} 
2018/07/23 15:27:18.075 [I] [account.go:60] 开始查询 
2018/07/23 15:27:18.077 [I] [account.go:67] $.1f9f7bcc3141a4ddb8c0ea11e10ac846 
2018/07/23 15:27:18.077 [I] [account.go:70] map[pwd:123 salt:5a427c] 
2018/07/23 15:27:18.077 [D] [server.go:2694] 127.0.0.1 - - [23/Jul/2018 03:27:18] "POST /account/doLogin HTTP/1.0 200 0" 0.003462 http://www.mymallweb.com/account/loginTpl Mozilla/5.0 (Macintosh; Intel Mac OS X 10_13_5) AppleWebKit/537.36 (KHTML, like Gecko) Chrome/67.0.3396.99 Safari/537.36

2018/07/23 15:31:01.535 [I] [asm_amd64.s:2361] http server Running on http://:8098
2018/07/23 15:31:01.535 [I] [asm_amd64.s:2361] Admin server Running on localhost:9088
2018/07/23 15:31:03.516 [I] [asm_amd64.s:2361] http server Running on http://:8098
2018/07/23 15:31:03.516 [I] [asm_amd64.s:2361] Admin server Running on localhost:9088
2018/07/23 15:34:57.601 [I] [asm_amd64.s:2361] http server Running on http://:8098
2018/07/23 15:34:57.601 [I] [asm_amd64.s:2361] Admin server Running on localhost:9088
2018/07/23 15:42:05.828 [I] [asm_amd64.s:2361] http server Running on http://:8098
2018/07/23 15:42:05.828 [I] [asm_amd64.s:2361] Admin server Running on localhost:9088
2018/07/23 15:42:11.045 [I] [account.go:43] {"username":"15372090344","password":"123","_xsrf":"ESEt4KslS5zLh09HzluyuftgS6Vz6Rtu"} 
2018/07/23 15:42:11.046 [I] [account.go:60] 开始查询 
2018/07/23 15:42:11.048 [I] [account.go:67] $.1f9f7bcc3141a4ddb8c0ea11e10ac846 
2018/07/23 15:42:11.048 [I] [account.go:69] $.3c1cc9a4a856d825502ae8bcd625c029 
2018/07/23 15:42:11.048 [D] [server.go:2694] 127.0.0.1 - - [23/Jul/2018 03:42:11] "POST /account/doLogin HTTP/1.0 200 0" 0.003667 http://www.mymallweb.com/account/loginTpl Mozilla/5.0 (Macintosh; Intel Mac OS X 10_13_5) AppleWebKit/537.36 (KHTML, like Gecko) Chrome/67.0.3396.99 Safari/537.36

2018/07/23 15:42:26.200 [I] [account.go:43] {"username":"15372090344","password":"zzw122866","_xsrf":"ESEt4KslS5zLh09HzluyuftgS6Vz6Rtu"} 
2018/07/23 15:42:26.200 [I] [account.go:60] 开始查询 
2018/07/23 15:42:26.204 [I] [account.go:67] $.1f9f7bcc3141a4ddb8c0ea11e10ac846 
2018/07/23 15:42:26.204 [I] [account.go:69] $.4729419a7374d61c81c35e10bc13fdcc 
2018/07/23 15:42:26.204 [D] [server.go:2694] 127.0.0.1 - - [23/Jul/2018 03:42:26] "POST /account/doLogin HTTP/1.0 200 0" 0.005265 http://www.mymallweb.com/account/loginTpl Mozilla/5.0 (Macintosh; Intel Mac OS X 10_13_5) AppleWebKit/537.36 (KHTML, like Gecko) Chrome/67.0.3396.99 Safari/537.36

2018/07/23 15:42:32.983 [I] [account.go:43] {"username":"15372090344","password":"zzw123123","_xsrf":"ESEt4KslS5zLh09HzluyuftgS6Vz6Rtu"} 
2018/07/23 15:42:32.983 [I] [account.go:60] 开始查询 
2018/07/23 15:42:32.988 [I] [account.go:67] $.1f9f7bcc3141a4ddb8c0ea11e10ac846 
2018/07/23 15:42:32.988 [I] [account.go:69] $.6f5fb329059b5391ab4d228261371bf8 
2018/07/23 15:42:32.988 [D] [server.go:2694] 127.0.0.1 - - [23/Jul/2018 03:42:32] "POST /account/doLogin HTTP/1.0 200 0" 0.005445 http://www.mymallweb.com/account/loginTpl Mozilla/5.0 (Macintosh; Intel Mac OS X 10_13_5) AppleWebKit/537.36 (KHTML, like Gecko) Chrome/67.0.3396.99 Safari/537.36

2018/07/23 15:42:42.144 [I] [account.go:43] {"username":"15372090344","password":"123123","_xsrf":"ESEt4KslS5zLh09HzluyuftgS6Vz6Rtu"} 
2018/07/23 15:42:42.144 [I] [account.go:60] 开始查询 
2018/07/23 15:42:42.148 [I] [account.go:67] $.1f9f7bcc3141a4ddb8c0ea11e10ac846 
2018/07/23 15:42:42.149 [I] [account.go:69] $.95fd2e97b4e933ee257d2a02ca9ea1ff 
2018/07/23 15:42:42.149 [D] [server.go:2694] 127.0.0.1 - - [23/Jul/2018 03:42:42] "POST /account/doLogin HTTP/1.0 200 0" 0.005443 http://www.mymallweb.com/account/loginTpl Mozilla/5.0 (Macintosh; Intel Mac OS X 10_13_5) AppleWebKit/537.36 (KHTML, like Gecko) Chrome/67.0.3396.99 Safari/537.36

2018/07/23 15:42:50.061 [I] [account.go:43] {"username":"15372090344","password":"123456","_xsrf":"ESEt4KslS5zLh09HzluyuftgS6Vz6Rtu"} 
2018/07/23 15:42:50.061 [I] [account.go:60] 开始查询 
2018/07/23 15:42:50.065 [I] [account.go:67] $.1f9f7bcc3141a4ddb8c0ea11e10ac846 
2018/07/23 15:42:50.065 [I] [account.go:69] $.e1b86fa0aa6a20bf58e40a0da088102f 
2018/07/23 15:42:50.065 [D] [server.go:2694] 127.0.0.1 - - [23/Jul/2018 03:42:50] "POST /account/doLogin HTTP/1.0 200 0" 0.004388 http://www.mymallweb.com/account/loginTpl Mozilla/5.0 (Macintosh; Intel Mac OS X 10_13_5) AppleWebKit/537.36 (KHTML, like Gecko) Chrome/67.0.3396.99 Safari/537.36

2018/07/23 17:04:41.056 [I] [asm_amd64.s:2361] http server Running on http://:8098
2018/07/23 17:04:41.056 [I] [asm_amd64.s:2361] Admin server Running on localhost:9088
2018/07/23 17:04:42.346 [D] [server.go:2694] 127.0.0.1 - - [23/Jul/2018 05:04:42] "GET /account/loginTpl HTTP/1.0 200 0" 0.002762 http://www.mymallweb.com/ Mozilla/5.0 (Macintosh; Intel Mac OS X 10_13_5) AppleWebKit/537.36 (KHTML, like Gecko) Chrome/67.0.3396.99 Safari/537.36

2018/07/23 17:04:51.460 [I] [account.go:43] {"username":"15372090344","password":"123123","_xsrf":"hqpZ0RzropEwlmrhfq2oWrsJyri61j8F"} 
2018/07/23 17:04:51.460 [I] [account.go:60] 开始查询 
2018/07/23 17:04:51.469 [I] [account.go:67] $.1f9f7bcc3141a4ddb8c0ea11e10ac846 
2018/07/23 17:04:51.469 [I] [account.go:69] $.95fd2e97b4e933ee257d2a02ca9ea1ff 
2018/07/23 17:04:51.470 [D] [server.go:2694] 127.0.0.1 - - [23/Jul/2018 05:04:51] "POST /account/doLogin HTTP/1.0 200 0" 0.010926 http://www.mymallweb.com/account/loginTpl Mozilla/5.0 (Macintosh; Intel Mac OS X 10_13_5) AppleWebKit/537.36 (KHTML, like Gecko) Chrome/67.0.3396.99 Safari/537.36

2018/07/23 17:05:36.625 [I] [asm_amd64.s:2361] Admin server Running on localhost:9088
2018/07/23 17:05:36.625 [I] [asm_amd64.s:2361] http server Running on http://:8098
2018/07/23 17:05:48.927 [I] [account.go:43] {"username":"15372090344","password":"123123","_xsrf":"hqpZ0RzropEwlmrhfq2oWrsJyri61j8F"} 
2018/07/23 17:05:48.927 [I] [account.go:60] 开始查询 
2018/07/23 17:05:48.930 [I] [account.go:67] $.1f9f7bcc3141a4ddb8c0ea11e10ac846 
2018/07/23 17:05:48.931 [I] [account.go:69] $.95fd2e97b4e933ee257d2a02ca9ea1ff 
2018/07/23 17:05:48.931 [D] [server.go:2694] 127.0.0.1 - - [23/Jul/2018 05:05:48] "POST /account/doLogin HTTP/1.0 200 0" 0.004710 http://www.mymallweb.com/account/loginTpl Mozilla/5.0 (Macintosh; Intel Mac OS X 10_13_5) AppleWebKit/537.36 (KHTML, like Gecko) Chrome/67.0.3396.99 Safari/537.36

2018/07/23 17:05:56.100 [I] [account.go:43] {"username":"15372090344","password":"123123","_xsrf":"hqpZ0RzropEwlmrhfq2oWrsJyri61j8F"} 
2018/07/23 17:05:56.100 [I] [account.go:60] 开始查询 
2018/07/23 17:05:56.103 [I] [account.go:67] $.1f9f7bcc3141a4ddb8c0ea11e10ac846 
2018/07/23 17:05:56.103 [I] [account.go:69] $.95fd2e97b4e933ee257d2a02ca9ea1ff 
2018/07/23 17:05:56.103 [D] [server.go:2694] 127.0.0.1 - - [23/Jul/2018 05:05:56] "POST /account/doLogin HTTP/1.0 200 0" 0.004238 http://www.mymallweb.com/account/loginTpl Mozilla/5.0 (Macintosh; Intel Mac OS X 10_13_5) AppleWebKit/537.36 (KHTML, like Gecko) Chrome/67.0.3396.99 Safari/537.36

2018/07/23 17:05:57.696 [I] [account.go:43] {"username":"15372090344","password":"123123","_xsrf":"hqpZ0RzropEwlmrhfq2oWrsJyri61j8F"} 
2018/07/23 17:05:57.696 [I] [account.go:60] 开始查询 
2018/07/23 17:05:57.699 [I] [account.go:67] $.1f9f7bcc3141a4ddb8c0ea11e10ac846 
2018/07/23 17:05:57.699 [I] [account.go:69] $.95fd2e97b4e933ee257d2a02ca9ea1ff 
2018/07/23 17:05:57.699 [D] [server.go:2694] 127.0.0.1 - - [23/Jul/2018 05:05:57] "POST /account/doLogin HTTP/1.0 200 0" 0.004466 http://www.mymallweb.com/account/loginTpl Mozilla/5.0 (Macintosh; Intel Mac OS X 10_13_5) AppleWebKit/537.36 (KHTML, like Gecko) Chrome/67.0.3396.99 Safari/537.36

2018/07/23 17:06:01.610 [D] [server.go:2694] 127.0.0.1 - - [23/Jul/2018 05:06:01] "GET /account/loginTpl HTTP/1.0 200 0" 0.004209 http://www.mymallweb.com/ Mozilla/5.0 (Macintosh; Intel Mac OS X 10_13_5) AppleWebKit/537.36 (KHTML, like Gecko) Chrome/67.0.3396.99 Safari/537.36

2018/07/23 17:06:09.789 [I] [account.go:43] {"username":"15372090344","password":"123123","_xsrf":"hqpZ0RzropEwlmrhfq2oWrsJyri61j8F"} 
2018/07/23 17:06:09.789 [I] [account.go:60] 开始查询 
2018/07/23 17:06:09.791 [I] [account.go:67] $.1f9f7bcc3141a4ddb8c0ea11e10ac846 
2018/07/23 17:06:09.791 [I] [account.go:69] $.95fd2e97b4e933ee257d2a02ca9ea1ff 
2018/07/23 17:06:09.791 [D] [server.go:2694] 127.0.0.1 - - [23/Jul/2018 05:06:09] "POST /account/doLogin HTTP/1.0 200 0" 0.002999 http://www.mymallweb.com/account/loginTpl Mozilla/5.0 (Macintosh; Intel Mac OS X 10_13_5) AppleWebKit/537.36 (KHTML, like Gecko) Chrome/67.0.3396.99 Safari/537.36

2018/07/23 17:06:18.009 [I] [account.go:43] {"username":"15372090344","password":"123123","_xsrf":"hqpZ0RzropEwlmrhfq2oWrsJyri61j8F"} 
2018/07/23 17:06:18.009 [I] [account.go:60] 开始查询 
2018/07/23 17:06:18.012 [I] [account.go:67] $.1f9f7bcc3141a4ddb8c0ea11e10ac846 
2018/07/23 17:06:18.012 [I] [account.go:69] $.95fd2e97b4e933ee257d2a02ca9ea1ff 
2018/07/23 17:06:18.012 [D] [server.go:2694] 127.0.0.1 - - [23/Jul/2018 05:06:18] "POST /account/doLogin HTTP/1.0 200 0" 0.003930 http://www.mymallweb.com/account/loginTpl Mozilla/5.0 (Macintosh; Intel Mac OS X 10_13_5) AppleWebKit/537.36 (KHTML, like Gecko) Chrome/67.0.3396.99 Safari/537.36

2018/07/23 17:06:54.200 [I] [asm_amd64.s:2361] http server Running on http://:8098
2018/07/23 17:06:54.200 [I] [asm_amd64.s:2361] Admin server Running on localhost:9088
2018/07/23 17:06:54.402 [I] [account.go:43] {"username":"15372090344","password":"123123","_xsrf":"hqpZ0RzropEwlmrhfq2oWrsJyri61j8F"} 
2018/07/23 17:06:54.403 [I] [account.go:60] 开始查询 
2018/07/23 17:06:54.405 [I] [account.go:67] $.1f9f7bcc3141a4ddb8c0ea11e10ac846 
2018/07/23 17:06:54.405 [I] [util.go:18] 4297f44b13955235245b2497399d7a935a427c 
2018/07/23 17:06:54.405 [I] [account.go:69] $.95fd2e97b4e933ee257d2a02ca9ea1ff 
2018/07/23 17:06:54.405 [D] [server.go:2694] 127.0.0.1 - - [23/Jul/2018 05:06:54] "POST /account/doLogin HTTP/1.0 200 0" 0.004104 http://www.mymallweb.com/account/loginTpl Mozilla/5.0 (Macintosh; Intel Mac OS X 10_13_5) AppleWebKit/537.36 (KHTML, like Gecko) Chrome/67.0.3396.99 Safari/537.36

2018/07/23 17:07:46.225 [I] [asm_amd64.s:2361] http server Running on http://:8098
2018/07/23 17:07:46.225 [I] [asm_amd64.s:2361] Admin server Running on localhost:9088
2018/07/23 17:07:47.769 [I] [account.go:43] {"username":"15372090344","password":"123123","_xsrf":"hqpZ0RzropEwlmrhfq2oWrsJyri61j8F"} 
2018/07/23 17:07:47.770 [I] [account.go:60] 开始查询 
2018/07/23 17:07:47.772 [I] [account.go:67] $.1f9f7bcc3141a4ddb8c0ea11e10ac846 
2018/07/23 17:07:47.772 [I] [account.go:68] 5a427c 
2018/07/23 17:07:47.772 [I] [util.go:18] 4297f44b13955235245b2497399d7a935a427c 
2018/07/23 17:07:47.772 [I] [account.go:70] $.95fd2e97b4e933ee257d2a02ca9ea1ff 
2018/07/23 17:07:47.772 [D] [server.go:2694] 127.0.0.1 - - [23/Jul/2018 05:07:47] "POST /account/doLogin HTTP/1.0 200 0" 0.003672 http://www.mymallweb.com/account/loginTpl Mozilla/5.0 (Macintosh; Intel Mac OS X 10_13_5) AppleWebKit/537.36 (KHTML, like Gecko) Chrome/67.0.3396.99 Safari/537.36

2018/07/23 17:11:20.559 [I] [asm_amd64.s:2361] http server Running on http://:8098
2018/07/23 17:11:20.559 [I] [asm_amd64.s:2361] Admin server Running on localhost:9088
2018/07/23 17:11:21.346 [I] [account.go:43] {"username":"15372090344","password":"123123","_xsrf":"hqpZ0RzropEwlmrhfq2oWrsJyri61j8F"} 
2018/07/23 17:11:21.346 [I] [account.go:60] 开始查询 
2018/07/23 17:11:21.349 [I] [account.go:67] $.1f9f7bcc3141a4ddb8c0ea11e10ac846 
2018/07/23 17:11:21.349 [I] [account.go:68] 5a427c 
2018/07/23 17:11:21.349 [I] [account.go:69] 123123 
2018/07/23 17:11:21.349 [I] [util.go:18] 4297f44b13955235245b2497399d7a935a427c 
2018/07/23 17:11:21.349 [I] [account.go:71] $.95fd2e97b4e933ee257d2a02ca9ea1ff 
2018/07/23 17:11:21.349 [D] [server.go:2694] 127.0.0.1 - - [23/Jul/2018 05:11:21] "POST /account/doLogin HTTP/1.0 200 0" 0.004302 http://www.mymallweb.com/account/loginTpl Mozilla/5.0 (Macintosh; Intel Mac OS X 10_13_5) AppleWebKit/537.36 (KHTML, like Gecko) Chrome/67.0.3396.99 Safari/537.36

2018/07/23 17:12:37.539 [I] [asm_amd64.s:2361] http server Running on http://:8098
2018/07/23 17:12:37.539 [I] [asm_amd64.s:2361] Admin server Running on localhost:9088
2018/07/23 17:13:50.504 [I] [account.go:43] {"username":"15372090344","password":"123123","_xsrf":"hqpZ0RzropEwlmrhfq2oWrsJyri61j8F"} 
2018/07/23 17:13:50.504 [I] [account.go:60] 开始查询 
2018/07/23 17:13:50.506 [I] [account.go:67] $.1f9f7bcc3141a4ddb8c0ea11e10ac846 
2018/07/23 17:13:50.506 [I] [account.go:68] 5a427c 
2018/07/23 17:13:50.507 [I] [account.go:69] 123123 
2018/07/23 17:13:50.507 [I] [account.go:71] $.95fd2e97b4e933ee257d2a02ca9ea1ff 
2018/07/23 17:13:50.507 [D] [server.go:2694] 127.0.0.1 - - [23/Jul/2018 05:13:50] "POST /account/doLogin HTTP/1.0 200 0" 0.004192 http://www.mymallweb.com/account/loginTpl Mozilla/5.0 (Macintosh; Intel Mac OS X 10_13_5) AppleWebKit/537.36 (KHTML, like Gecko) Chrome/67.0.3396.99 Safari/537.36

2018/07/23 17:14:08.270 [I] [account.go:43] {"username":"15372090344","password":"123123","_xsrf":"hqpZ0RzropEwlmrhfq2oWrsJyri61j8F"} 
2018/07/23 17:14:08.270 [I] [account.go:60] 开始查询 
2018/07/23 17:14:08.274 [I] [account.go:67] $.1f9f7bcc3141a4ddb8c0ea11e10ac846 
2018/07/23 17:14:08.274 [I] [account.go:68] 5a427c 
2018/07/23 17:14:08.274 [I] [account.go:69] 123123 
2018/07/23 17:14:08.274 [I] [account.go:71] $.95fd2e97b4e933ee257d2a02ca9ea1ff 
2018/07/23 17:14:08.274 [D] [server.go:2694] 127.0.0.1 - - [23/Jul/2018 05:14:08] "POST /account/doLogin HTTP/1.0 200 0" 0.004526 http://www.mymallweb.com/account/loginTpl Mozilla/5.0 (Macintosh; Intel Mac OS X 10_13_5) AppleWebKit/537.36 (KHTML, like Gecko) Chrome/67.0.3396.99 Safari/537.36

2018/07/23 17:14:10.769 [I] [asm_amd64.s:2361] http server Running on http://:8098
2018/07/23 17:14:10.769 [I] [asm_amd64.s:2361] Admin server Running on localhost:9088
2018/07/23 17:14:14.395 [I] [account.go:43] {"username":"15372090344","password":"123123","_xsrf":"hqpZ0RzropEwlmrhfq2oWrsJyri61j8F"} 
2018/07/23 17:14:14.395 [I] [account.go:60] 开始查询 
2018/07/23 17:14:14.398 [I] [account.go:67] $.1f9f7bcc3141a4ddb8c0ea11e10ac846 
2018/07/23 17:14:14.398 [I] [account.go:68] 5a427c 
2018/07/23 17:14:14.398 [I] [account.go:69] 123123 
2018/07/23 17:14:14.398 [I] [util.go:21] 4297f44b13955235245b2497399d7a935a427c 
2018/07/23 17:14:14.398 [I] [account.go:71] $.95fd2e97b4e933ee257d2a02ca9ea1ff 
2018/07/23 17:14:14.398 [D] [server.go:2694] 127.0.0.1 - - [23/Jul/2018 05:14:14] "POST /account/doLogin HTTP/1.0 200 0" 0.004589 http://www.mymallweb.com/account/loginTpl Mozilla/5.0 (Macintosh; Intel Mac OS X 10_13_5) AppleWebKit/537.36 (KHTML, like Gecko) Chrome/67.0.3396.99 Safari/537.36

2018/07/23 17:15:05.858 [I] [asm_amd64.s:2361] http server Running on http://:8098
2018/07/23 17:15:05.859 [I] [asm_amd64.s:2361] Admin server Running on localhost:9088
2018/07/23 17:16:03.348 [I] [asm_amd64.s:2361] http server Running on http://:8098
2018/07/23 17:16:03.348 [I] [asm_amd64.s:2361] Admin server Running on localhost:9088
2018/07/23 17:16:12.563 [I] [asm_amd64.s:2361] http server Running on http://:8098
2018/07/23 17:16:12.563 [I] [asm_amd64.s:2361] Admin server Running on localhost:9088
2018/07/23 17:16:16.466 [I] [asm_amd64.s:2361] http server Running on http://:8098
2018/07/23 17:16:16.466 [I] [asm_amd64.s:2361] Admin server Running on localhost:9088
2018/07/23 17:16:25.189 [I] [asm_amd64.s:2361] http server Running on http://:8098
2018/07/23 17:16:25.190 [I] [asm_amd64.s:2361] Admin server Running on localhost:9088
2018/07/23 17:17:04.553 [I] [account.go:43] {"username":"15372090344","password":"123123","_xsrf":"hqpZ0RzropEwlmrhfq2oWrsJyri61j8F"} 
2018/07/23 17:17:04.553 [I] [account.go:60] 开始查询 
2018/07/23 17:17:04.555 [I] [account.go:67] $.1f9f7bcc3141a4ddb8c0ea11e10ac846 
2018/07/23 17:17:04.555 [I] [account.go:68] 5a427c 
2018/07/23 17:17:04.555 [I] [account.go:69] 123123 
2018/07/23 17:17:04.555 [I] [util.go:21] 4297f44b13955235245b2497399d7a935a427c 
2018/07/23 17:17:04.555 [I] [account.go:71] $.95fd2e97b4e933ee257d2a02ca9ea1ff 
2018/07/23 17:17:04.556 [D] [server.go:2694] 127.0.0.1 - - [23/Jul/2018 05:17:04] "POST /account/doLogin HTTP/1.0 200 0" 0.004556 http://www.mymallweb.com/account/loginTpl Mozilla/5.0 (Macintosh; Intel Mac OS X 10_13_5) AppleWebKit/537.36 (KHTML, like Gecko) Chrome/67.0.3396.99 Safari/537.36

2018/07/23 17:24:07.964 [I] [asm_amd64.s:2361] http server Running on http://:8098
2018/07/23 17:24:07.965 [I] [asm_amd64.s:2361] Admin server Running on localhost:9088
2018/07/23 17:24:15.641 [I] [account.go:43] {"username":"15372090344","password":"123123","_xsrf":"hqpZ0RzropEwlmrhfq2oWrsJyri61j8F"} 
2018/07/23 17:24:15.641 [I] [account.go:60] 开始查询 
2018/07/23 17:24:15.644 [I] [account.go:67] $.1f9f7bcc3141a4ddb8c0ea11e10ac846 
2018/07/23 17:24:15.644 [I] [account.go:68] 5a427c 
2018/07/23 17:24:15.644 [I] [account.go:69] 123123 
2018/07/23 17:24:15.644 [I] [util.go:21] 4297f44b13955235245b2497399d7a935a427c 
2018/07/23 17:24:15.644 [I] [util.go:24] $.95fd2e97b4e933ee257d2a02ca9ea1ff 
2018/07/23 17:24:15.644 [I] [account.go:71] $.95fd2e97b4e933ee257d2a02ca9ea1ff 
2018/07/23 17:24:15.644 [D] [server.go:2694] 127.0.0.1 - - [23/Jul/2018 05:24:15] "POST /account/doLogin HTTP/1.0 200 0" 0.004253 http://www.mymallweb.com/account/loginTpl Mozilla/5.0 (Macintosh; Intel Mac OS X 10_13_5) AppleWebKit/537.36 (KHTML, like Gecko) Chrome/67.0.3396.99 Safari/537.36

2018/07/23 17:27:27.916 [I] [asm_amd64.s:2361] http server Running on http://:8098
2018/07/23 17:27:27.916 [I] [asm_amd64.s:2361] Admin server Running on localhost:9088
2018/07/23 17:27:34.150 [I] [account.go:43] {"username":"15372090344","password":"123123","_xsrf":"hqpZ0RzropEwlmrhfq2oWrsJyri61j8F"} 
2018/07/23 17:27:34.151 [I] [account.go:60] 开始查询 
2018/07/23 17:27:34.153 [I] [account.go:67] $.1f9f7bcc3141a4ddb8c0ea11e10ac846 
2018/07/23 17:27:34.153 [I] [account.go:68] 5a427c 
2018/07/23 17:27:34.153 [I] [account.go:69] 123123 
2018/07/23 17:27:34.153 [I] [util.go:21] 4297f44b13955235245b2497399d7a935a427c 
2018/07/23 17:27:34.153 [I] [util.go:25] $.4297f44b13955235245b2497399d7a93 
2018/07/23 17:27:34.153 [I] [account.go:71] $.4297f44b13955235245b2497399d7a93 
2018/07/23 17:27:34.154 [D] [server.go:2694] 127.0.0.1 - - [23/Jul/2018 05:27:34] "POST /account/doLogin HTTP/1.0 200 0" 0.005322 http://www.mymallweb.com/account/loginTpl Mozilla/5.0 (Macintosh; Intel Mac OS X 10_13_5) AppleWebKit/537.36 (KHTML, like Gecko) Chrome/67.0.3396.99 Safari/537.36

2018/07/23 17:27:49.829 [I] [asm_amd64.s:2361] http server Running on http://:8098
2018/07/23 17:27:49.829 [I] [asm_amd64.s:2361] Admin server Running on localhost:9088
2018/07/23 17:27:54.022 [I] [account.go:43] {"username":"15372090344","password":"123123","_xsrf":"hqpZ0RzropEwlmrhfq2oWrsJyri61j8F"} 
2018/07/23 17:27:54.022 [I] [account.go:60] 开始查询 
2018/07/23 17:27:54.024 [I] [account.go:67] $.1f9f7bcc3141a4ddb8c0ea11e10ac846 
2018/07/23 17:27:54.024 [I] [account.go:68] 5a427c 
2018/07/23 17:27:54.024 [I] [account.go:69] 123123 
2018/07/23 17:27:54.024 [I] [util.go:21] 4297f44b13955235245b2497399d7a935a427c 
2018/07/23 17:27:54.024 [I] [util.go:25] $.1f9f7bcc3141a4ddb8c0ea11e10ac846 
2018/07/23 17:27:54.024 [I] [account.go:71] $.1f9f7bcc3141a4ddb8c0ea11e10ac846 
2018/07/23 17:27:54.024 [D] [server.go:2694] 127.0.0.1 - - [23/Jul/2018 05:27:54] "POST /account/doLogin HTTP/1.0 200 0" 0.003720 http://www.mymallweb.com/account/loginTpl Mozilla/5.0 (Macintosh; Intel Mac OS X 10_13_5) AppleWebKit/537.36 (KHTML, like Gecko) Chrome/67.0.3396.99 Safari/537.36

2018/07/23 17:28:06.617 [I] [asm_amd64.s:2361] http server Running on http://:8098
2018/07/23 17:28:06.617 [I] [asm_amd64.s:2361] Admin server Running on localhost:9088
2018/07/23 17:28:14.154 [I] [asm_amd64.s:2361] http server Running on http://:8098
2018/07/23 17:28:14.154 [I] [asm_amd64.s:2361] Admin server Running on localhost:9088
2018/07/23 17:28:23.726 [I] [asm_amd64.s:2361] http server Running on http://:8098
2018/07/23 17:28:23.726 [I] [asm_amd64.s:2361] Admin server Running on localhost:9088
2018/07/23 17:29:06.169 [I] [asm_amd64.s:2361] http server Running on http://:8098
2018/07/23 17:29:06.169 [I] [asm_amd64.s:2361] Admin server Running on localhost:9088
2018/07/23 17:29:10.748 [I] [asm_amd64.s:2361] http server Running on http://:8098
2018/07/23 17:29:10.748 [I] [asm_amd64.s:2361] Admin server Running on localhost:9088
2018/07/23 17:29:20.901 [I] [asm_amd64.s:2361] http server Running on http://:8098
2018/07/23 17:29:20.901 [I] [asm_amd64.s:2361] Admin server Running on localhost:9088
2018/07/23 17:30:11.579 [I] [account.go:43] {"username":"15372090344","password":"123123","_xsrf":"hqpZ0RzropEwlmrhfq2oWrsJyri61j8F"} 
2018/07/23 17:30:11.580 [I] [account.go:60] 开始查询 
2018/07/23 17:30:11.582 [D] [server.go:2694] 127.0.0.1 - - [23/Jul/2018 05:30:11] "POST /account/doLogin HTTP/1.0 200 0" 0.004016 http://www.mymallweb.com/account/loginTpl Mozilla/5.0 (Macintosh; Intel Mac OS X 10_13_5) AppleWebKit/537.36 (KHTML, like Gecko) Chrome/67.0.3396.99 Safari/537.36

2018/07/23 17:32:54.051 [I] [asm_amd64.s:2361] http server Running on http://:8098
2018/07/23 17:32:54.051 [I] [asm_amd64.s:2361] Admin server Running on localhost:9088
2018/07/23 17:32:57.344 [I] [asm_amd64.s:2361] http server Running on http://:8098
2018/07/23 17:32:57.344 [I] [asm_amd64.s:2361] Admin server Running on localhost:9088
2018/07/23 17:33:02.301 [I] [account.go:43] {"username":"15372090344","password":"123123","_xsrf":"hqpZ0RzropEwlmrhfq2oWrsJyri61j8F"} 
2018/07/23 17:33:02.301 [I] [account.go:60] 开始查询 
2018/07/23 17:33:02.303 [I] [account.go:66] 123123 
2018/07/23 17:33:02.303 [I] [account.go:68] $.1f9f7bcc3141a4ddb8c0ea11e10ac846 
2018/07/23 17:33:02.304 [D] [server.go:2694] 127.0.0.1 - - [23/Jul/2018 05:33:02] "POST /account/doLogin HTTP/1.0 200 0" 0.003984 http://www.mymallweb.com/account/loginTpl Mozilla/5.0 (Macintosh; Intel Mac OS X 10_13_5) AppleWebKit/537.36 (KHTML, like Gecko) Chrome/67.0.3396.99 Safari/537.36

2018/07/23 17:33:18.048 [I] [asm_amd64.s:2361] http server Running on http://:8098
2018/07/23 17:33:18.048 [I] [asm_amd64.s:2361] Admin server Running on localhost:9088
2018/07/23 17:33:20.999 [I] [account.go:43] {"username":"15372090344","password":"123123","_xsrf":"hqpZ0RzropEwlmrhfq2oWrsJyri61j8F"} 
2018/07/23 17:33:20.999 [I] [account.go:60] 开始查询 
2018/07/23 17:33:21.005 [I] [account.go:66] 123123 
2018/07/23 17:33:21.005 [I] [account.go:68] $.1f9f7bcc3141a4ddb8c0ea11e10ac846 
2018/07/23 17:33:21.005 [D] [server.go:2694] 127.0.0.1 - - [23/Jul/2018 05:33:20] "POST /account/doLogin HTTP/1.0 200 0" 0.006737 http://www.mymallweb.com/account/loginTpl Mozilla/5.0 (Macintosh; Intel Mac OS X 10_13_5) AppleWebKit/537.36 (KHTML, like Gecko) Chrome/67.0.3396.99 Safari/537.36

2018/07/23 17:33:22.499 [I] [asm_amd64.s:2361] http server Running on http://:8098
2018/07/23 17:33:22.499 [I] [asm_amd64.s:2361] Admin server Running on localhost:9088
2018/07/23 17:33:24.901 [I] [account.go:43] {"username":"15372090344","password":"123123","_xsrf":"hqpZ0RzropEwlmrhfq2oWrsJyri61j8F"} 
2018/07/23 17:33:24.901 [I] [account.go:60] 开始查询 
2018/07/23 17:33:24.904 [I] [account.go:66] $.1f9f7bcc3141a4ddb8c0ea11e10ac846 
2018/07/23 17:33:24.904 [I] [account.go:68] $.1f9f7bcc3141a4ddb8c0ea11e10ac846 
2018/07/23 17:33:24.904 [D] [server.go:2694] 127.0.0.1 - - [23/Jul/2018 05:33:24] "POST /account/doLogin HTTP/1.0 200 0" 0.004416 http://www.mymallweb.com/account/loginTpl Mozilla/5.0 (Macintosh; Intel Mac OS X 10_13_5) AppleWebKit/537.36 (KHTML, like Gecko) Chrome/67.0.3396.99 Safari/537.36

2018/07/23 17:33:42.858 [D] [server.go:2694] 127.0.0.1 - - [23/Jul/2018 05:33:42] "GET /static/js/iview.min.js.map HTTP/1.0 404 0" 0.013846  Mozilla/5.0 (iPhone; CPU iPhone OS 11_0 like Mac OS X) AppleWebKit/604.1.38 (KHTML, like Gecko) Version/11.0 Mobile/15A372 Safari/604.1

2018/07/23 17:33:48.451 [I] [account.go:43] {"username":"15372090344","password":"123123","_xsrf":"hqpZ0RzropEwlmrhfq2oWrsJyri61j8F"} 
2018/07/23 17:33:48.451 [I] [account.go:60] 开始查询 
2018/07/23 17:33:48.455 [I] [account.go:66] $.1f9f7bcc3141a4ddb8c0ea11e10ac846 
2018/07/23 17:33:48.455 [I] [account.go:68] $.1f9f7bcc3141a4ddb8c0ea11e10ac846 
2018/07/23 17:33:48.455 [D] [server.go:2694] 127.0.0.1 - - [23/Jul/2018 05:33:48] "POST /account/doLogin HTTP/1.0 200 0" 0.005096 http://www.mymallweb.com/account/loginTpl Mozilla/5.0 (Macintosh; Intel Mac OS X 10_13_5) AppleWebKit/537.36 (KHTML, like Gecko) Chrome/67.0.3396.99 Safari/537.36

2018/07/23 17:34:45.289 [I] [asm_amd64.s:2361] http server Running on http://:8098
2018/07/23 17:34:45.289 [I] [asm_amd64.s:2361] Admin server Running on localhost:9088
2018/07/23 17:34:51.873 [I] [asm_amd64.s:2361] http server Running on http://:8098
2018/07/23 17:34:51.873 [I] [asm_amd64.s:2361] Admin server Running on localhost:9088
2018/07/23 17:34:56.215 [I] [asm_amd64.s:2361] http server Running on http://:8098
2018/07/23 17:34:56.215 [I] [asm_amd64.s:2361] Admin server Running on localhost:9088
2018/07/23 17:35:03.159 [I] [asm_amd64.s:2361] http server Running on http://:8098
2018/07/23 17:35:03.159 [I] [asm_amd64.s:2361] Admin server Running on localhost:9088
2018/07/23 17:35:21.770 [I] [asm_amd64.s:2361] http server Running on http://:8098
2018/07/23 17:35:21.770 [I] [asm_amd64.s:2361] Admin server Running on localhost:9088
2018/07/23 17:35:26.544 [I] [asm_amd64.s:2361] http server Running on http://:8098
2018/07/23 17:35:26.544 [I] [asm_amd64.s:2361] Admin server Running on localhost:9088
2018/07/23 17:35:38.892 [I] [asm_amd64.s:2361] http server Running on http://:8098
2018/07/23 17:35:38.892 [I] [asm_amd64.s:2361] Admin server Running on localhost:9088
2018/07/23 17:35:42.496 [I] [account.go:43] {"username":"15372090344","password":"123123","_xsrf":"hqpZ0RzropEwlmrhfq2oWrsJyri61j8F"} 
2018/07/23 17:35:42.496 [I] [account.go:60] 开始查询 
2018/07/23 17:35:42.499 [I] [account.go:66] $.1f9f7bcc3141a4ddb8c0ea11e10ac846 
2018/07/23 17:35:42.499 [I] [account.go:68] $.1f9f7bcc3141a4ddb8c0ea11e10ac846 
2018/07/23 17:35:42.499 [D] [server.go:2694] 127.0.0.1 - - [23/Jul/2018 05:35:42] "POST /account/doLogin HTTP/1.0 200 0" 0.004443 http://www.mymallweb.com/account/loginTpl Mozilla/5.0 (Macintosh; Intel Mac OS X 10_13_5) AppleWebKit/537.36 (KHTML, like Gecko) Chrome/67.0.3396.99 Safari/537.36

2018/07/23 17:37:37.495 [I] [account.go:43] {"username":"15372090344","password":"123123","_xsrf":"hqpZ0RzropEwlmrhfq2oWrsJyri61j8F"} 
2018/07/23 17:37:37.496 [I] [account.go:60] 开始查询 
2018/07/23 17:37:37.499 [I] [account.go:66] $.1f9f7bcc3141a4ddb8c0ea11e10ac846 
2018/07/23 17:37:37.499 [I] [account.go:68] $.1f9f7bcc3141a4ddb8c0ea11e10ac846 
2018/07/23 17:37:37.499 [D] [server.go:2694] 127.0.0.1 - - [23/Jul/2018 05:37:37] "POST /account/doLogin HTTP/1.0 200 0" 0.004743 http://www.mymallweb.com/account/loginTpl Mozilla/5.0 (Macintosh; Intel Mac OS X 10_13_5) AppleWebKit/537.36 (KHTML, like Gecko) Chrome/67.0.3396.99 Safari/537.36

2018/07/23 17:37:39.353 [I] [asm_amd64.s:2361] Admin server Running on localhost:9088
2018/07/23 17:37:39.353 [I] [asm_amd64.s:2361] http server Running on http://:8098
2018/07/23 17:37:47.298 [I] [account.go:43] {"username":"15372090344","password":"123123","_xsrf":"hqpZ0RzropEwlmrhfq2oWrsJyri61j8F"} 
2018/07/23 17:37:47.299 [I] [account.go:60] 开始查询 
2018/07/23 17:37:47.301 [I] [account.go:66] $.1f9f7bcc3141a4ddb8c0ea11e10ac846 
2018/07/23 17:37:47.301 [I] [account.go:68] $.1f9f7bcc3141a4ddb8c0ea11e10ac846 
2018/07/23 17:37:47.301 [D] [server.go:2694] 127.0.0.1 - - [23/Jul/2018 05:37:47] "POST /account/doLogin HTTP/1.0 200 0" 0.004113 http://www.mymallweb.com/account/loginTpl Mozilla/5.0 (Macintosh; Intel Mac OS X 10_13_5) AppleWebKit/537.36 (KHTML, like Gecko) Chrome/67.0.3396.99 Safari/537.36

2018/07/23 17:38:39.024 [I] [asm_amd64.s:2361] Admin server Running on localhost:9088
2018/07/23 17:38:39.024 [I] [asm_amd64.s:2361] http server Running on http://:8098
2018/07/23 17:39:52.205 [I] [asm_amd64.s:2361] http server Running on http://:8098
2018/07/23 17:39:52.205 [I] [asm_amd64.s:2361] Admin server Running on localhost:9088
